<?xml version="1.0" encoding="UTF-8"?>
<testng-results ignored="0" total="1" passed="1" failed="0" skipped="0">
  <reporter-output>
  </reporter-output>
  <suite started-at="2022-08-01T14:02:58 IST" name="Suite" finished-at="2022-08-01T14:03:06 IST" duration-ms="7773">
    <groups>
    </groups>
    <test started-at="2022-08-01T14:02:58 IST" name="Test" finished-at="2022-08-01T14:03:06 IST" duration-ms="7773">
      <class name="com.crm.pages.BasePages">
        <test-method signature="Fileread()[pri:0, instance:com.crm.pages.BasePages@69997e9d]" started-at="2022-08-01T14:02:58 IST" name="Fileread" finished-at="2022-08-01T14:03:06 IST" duration-ms="7701" status="PASS">
          <reporter-output>
          </reporter-output>
        </test-method> <!-- Fileread -->
      </class> <!-- com.crm.pages.BasePages -->
    </test> <!-- Test -->
  </suite> <!-- Suite -->
</testng-results>
